app/build/intermediates/manifest_merge_blame_file/debug/manifest-merger-blame-debug-report.txt
1<?xml version="1.0" encoding="utf-8"?>
2<manifest xmlns:android="http://schemas.android.com/apk/res/android"
3    package="com.covergenius.test_compose"
4    android:versionCode="1"
5    android:versionName="1.0" >
6
7    <uses-sdk
8        android:minSdkVersion="21"
8-->src\main\AndroidManifest.xml
9        android:targetSdkVersion="32" />
9-->src\main\AndroidManifest.xml
10
11    <uses-permission android:name="android.permission.INTERNET" />
11-->[:mca-sdk-android] AndroidManifest.xml:9:5-67
11-->[:mca-sdk-android] AndroidManifest.xml:9:22-64
12
13    <application
13-->src\main\AndroidManifest.xml:5:5-26:19
14        android:name="com.covergenius.mca_sdk_android.presentation.App"
14-->[:mca-sdk-android] AndroidManifest.xml:11:18-81
15        android:allowBackup="true"
15-->src\main\AndroidManifest.xml:6:9-35
16        android:appComponentFactory="androidx.core.app.CoreComponentFactory"
16-->[androidx.core:core:1.7.0] AndroidManifest.xml:24:18-86
17        android:dataExtractionRules="@xml/data_extraction_rules"
17-->src\main\AndroidManifest.xml:7:9-65
18        android:debuggable="true"
19        android:fullBackupContent="@xml/backup_rules"
19-->src\main\AndroidManifest.xml:8:9-54
20        android:icon="@mipmap/ic_launcher"
20-->src\main\AndroidManifest.xml:9:9-43
21        android:label="@string/app_name"
21-->src\main\AndroidManifest.xml:10:9-41
22        android:roundIcon="@mipmap/ic_launcher_round"
22-->src\main\AndroidManifest.xml:11:9-54
23        android:supportsRtl="true"
23-->src\main\AndroidManifest.xml:12:9-35
24        android:testOnly="true"
25        android:theme="@style/Theme.Test_compose" >
25-->src\main\AndroidManifest.xml:13:9-50
26        <activity
26-->src\main\AndroidManifest.xml:15:9-25:20
27            android:name="com.covergenius.test_compose.MainActivity"
27-->src\main\AndroidManifest.xml:16:13-69
28            android:exported="true"
28-->src\main\AndroidManifest.xml:17:13-36
29            android:label="@string/app_name"
29-->src\main\AndroidManifest.xml:18:13-45
30            android:theme="@style/Theme.Test_compose" >
30-->src\main\AndroidManifest.xml:19:13-54
31            <intent-filter>
31-->src\main\AndroidManifest.xml:20:13-24:29
32                <action android:name="android.intent.action.MAIN" />
32-->src\main\AndroidManifest.xml:21:17-69
32-->src\main\AndroidManifest.xml:21:25-66
33
34                <category android:name="android.intent.category.LAUNCHER" />
34-->src\main\AndroidManifest.xml:23:17-77
34-->src\main\AndroidManifest.xml:23:27-74
35            </intent-filter>
36        </activity>
37        <activity
37-->[:mca-sdk-android] AndroidManifest.xml:12:9-16:58
38            android:name="com.covergenius.mca_sdk_android.presentation.MainActivity"
38-->[:mca-sdk-android] AndroidManifest.xml:13:13-85
39            android:exported="false"
39-->[:mca-sdk-android] AndroidManifest.xml:14:13-37
40            android:label="@string/title_activity_main"
40-->[:mca-sdk-android] AndroidManifest.xml:15:13-56
41            android:theme="@style/Theme.Mcasdkandroid" />
41-->[:mca-sdk-android] AndroidManifest.xml:16:13-55
42        <activity
42-->[androidx.compose.ui:ui-tooling:1.1.0-beta01] AndroidManifest.xml:25:9-27:39
43            android:name="androidx.compose.ui.tooling.PreviewActivity"
43-->[androidx.compose.ui:ui-tooling:1.1.0-beta01] AndroidManifest.xml:26:13-71
44            android:exported="true" />
44-->[androidx.compose.ui:ui-tooling:1.1.0-beta01] AndroidManifest.xml:27:13-36
45        <activity
45-->[androidx.compose.ui:ui-test-manifest:1.1.0-beta01] AndroidManifest.xml:25:9-27:39
46            android:name="androidx.activity.ComponentActivity"
46-->[androidx.compose.ui:ui-test-manifest:1.1.0-beta01] AndroidManifest.xml:26:13-63
47            android:exported="true" />
47-->[androidx.compose.ui:ui-test-manifest:1.1.0-beta01] AndroidManifest.xml:27:13-36
48
49        <provider
49-->[androidx.profileinstaller:profileinstaller:1.1.0-beta01] AndroidManifest.xml:26:9-34:20
50            android:name="androidx.startup.InitializationProvider"
50-->[androidx.profileinstaller:profileinstaller:1.1.0-beta01] AndroidManifest.xml:27:13-67
51            android:authorities="com.covergenius.test_compose.androidx-startup"
51-->[androidx.profileinstaller:profileinstaller:1.1.0-beta01] AndroidManifest.xml:28:13-68
52            android:exported="false" >
52-->[androidx.profileinstaller:profileinstaller:1.1.0-beta01] AndroidManifest.xml:29:13-37
53            <meta-data
53-->[androidx.profileinstaller:profileinstaller:1.1.0-beta01] AndroidManifest.xml:31:13-33:52
54                android:name="androidx.profileinstaller.ProfileInstallerInitializer"
54-->[androidx.profileinstaller:profileinstaller:1.1.0-beta01] AndroidManifest.xml:32:17-85
55                android:value="androidx.startup" />
55-->[androidx.profileinstaller:profileinstaller:1.1.0-beta01] AndroidManifest.xml:33:17-49
56        </provider>
57
58        <receiver
58-->[androidx.profileinstaller:profileinstaller:1.1.0-beta01] AndroidManifest.xml:36:9-45:20
59            android:name="androidx.profileinstaller.ProfileInstallReceiver"
59-->[androidx.profileinstaller:profileinstaller:1.1.0-beta01] AndroidManifest.xml:37:13-76
60            android:directBootAware="false"
60-->[androidx.profileinstaller:profileinstaller:1.1.0-beta01] AndroidManifest.xml:38:13-44
61            android:enabled="true"
61-->[androidx.profileinstaller:profileinstaller:1.1.0-beta01] AndroidManifest.xml:39:13-35
62            android:exported="true"
62-->[androidx.profileinstaller:profileinstaller:1.1.0-beta01] AndroidManifest.xml:40:13-36
63            android:permission="android.permission.DUMP" >
63-->[androidx.profileinstaller:profileinstaller:1.1.0-beta01] AndroidManifest.xml:41:13-57
64            <intent-filter>
64-->[androidx.profileinstaller:profileinstaller:1.1.0-beta01] AndroidManifest.xml:42:13-44:29
65                <action android:name="androidx.profileinstaller.action.INSTALL_PROFILE" />
65-->[androidx.profileinstaller:profileinstaller:1.1.0-beta01] AndroidManifest.xml:43:17-91
65-->[androidx.profileinstaller:profileinstaller:1.1.0-beta01] AndroidManifest.xml:43:25-88
66            </intent-filter>
67        </receiver>
68
69        <service
69-->[androidx.room:room-runtime:2.4.0] AndroidManifest.xml:25:9-28:40
70            android:name="androidx.room.MultiInstanceInvalidationService"
70-->[androidx.room:room-runtime:2.4.0] AndroidManifest.xml:26:13-74
71            android:directBootAware="true"
71-->[androidx.room:room-runtime:2.4.0] AndroidManifest.xml:27:13-43
72            android:exported="false" />
72-->[androidx.room:room-runtime:2.4.0] AndroidManifest.xml:28:13-37
73    </application>
74
75</manifest>